[14:58:55] [main/DEBUG] [FML/]: Injecting tracing printstreams for STDOUT/STDERR.
[14:58:55] [main/INFO] [FML/]: Forge Mod Loader version 7.99.40.1614 for Minecraft 1.7.10 loading
[14:58:55] [main/INFO] [FML/]: Java is OpenJDK 64-Bit Server VM, version 1.8.0_392, running on Linux:amd64:5.15.0-1057-azure, installed at /usr/lib/jvm/java-8-openjdk-amd64/jre
[14:58:55] [main/DEBUG] [FML/]: Java classpath at launch is forge-1.7.10-10.13.4.1614-1.7.10-universal.jar
[14:58:55] [main/DEBUG] [FML/]: Java library path at launch is /usr/java/packages/lib/amd64:/usr/lib/x86_64-linux-gnu/jni:/lib/x86_64-linux-gnu:/usr/lib/x86_64-linux-gnu:/usr/lib/jni:/lib:/usr/lib
[14:58:55] [main/DEBUG] [FML/]: Enabling runtime deobfuscation
[14:58:55] [main/DEBUG] [FML/]: Instantiating coremod class FMLCorePlugin
[14:58:55] [main/DEBUG] [FML/]: Added access transformer class cpw.mods.fml.common.asm.transformers.AccessTransformer to enqueued access transformers
[14:58:55] [main/DEBUG] [FML/]: Enqueued coremod FMLCorePlugin
[14:58:55] [main/DEBUG] [FML/]: Instantiating coremod class FMLForgePlugin
[14:58:55] [main/DEBUG] [FML/]: Added access transformer class net.minecraftforge.transformers.ForgeAccessTransformer to enqueued access transformers
[14:58:55] [main/DEBUG] [FML/]: Enqueued coremod FMLForgePlugin
[14:58:55] [main/DEBUG] [FML/]: All fundamental core mods are successfully located
[14:58:55] [main/DEBUG] [FML/]: Attempting to load commandline specified mods, relative to /root/minecraft-forge-1.7.10/1.7.10/.
[14:58:55] [main/DEBUG] [FML/]: Discovering coremods
[14:58:56] [main/INFO] [LaunchWrapper/]: Loading tweak class name cpw.mods.fml.common.launcher.FMLInjectionAndSortingTweaker
[14:58:56] [main/INFO] [LaunchWrapper/]: Loading tweak class name cpw.mods.fml.common.launcher.FMLDeobfTweaker
[14:58:56] [main/INFO] [LaunchWrapper/]: Calling tweak class cpw.mods.fml.common.launcher.FMLInjectionAndSortingTweaker
[14:58:56] [main/INFO] [LaunchWrapper/]: Calling tweak class cpw.mods.fml.common.launcher.FMLInjectionAndSortingTweaker
[14:58:56] [main/INFO] [LaunchWrapper/]: Calling tweak class cpw.mods.fml.relauncher.CoreModManager$FMLPluginWrapper
[14:58:56] [main/DEBUG] [FML/]: Injecting coremod FMLCorePlugin {cpw.mods.fml.relauncher.FMLCorePlugin} class transformers
[14:58:56] [main/TRACE] [FML/]: Registering transformer cpw.mods.fml.common.asm.transformers.MarkerTransformer
[14:58:56] [main/TRACE] [FML/]: Registering transformer cpw.mods.fml.common.asm.transformers.SideTransformer
[14:58:56] [main/TRACE] [FML/]: Registering transformer cpw.mods.fml.common.asm.transformers.EventSubscriptionTransformer
[14:58:56] [main/DEBUG] [FML/]: Injection complete
[14:58:56] [main/DEBUG] [FML/]: Running coremod plugin for FMLCorePlugin {cpw.mods.fml.relauncher.FMLCorePlugin}
[14:58:56] [main/DEBUG] [FML/]: Running coremod plugin FMLCorePlugin
[14:58:58] [main/DEBUG] [FML/]: Read 527 binary patches
[14:58:59] [main/ERROR] [FML/]: FML appears to be missing any signature data. This is not a good thing
[14:58:59] [main/DEBUG] [FML/]: Coremod plugin class FMLCorePlugin run successfully
[14:58:59] [main/INFO] [LaunchWrapper/]: Calling tweak class cpw.mods.fml.relauncher.CoreModManager$FMLPluginWrapper
[14:58:59] [main/DEBUG] [FML/]: Injecting coremod FMLForgePlugin {net.minecraftforge.classloading.FMLForgePlugin} class transformers
[14:58:59] [main/TRACE] [FML/]: Registering transformer net.minecraftforge.classloading.FluidIdTransformer
[14:58:59] [main/DEBUG] [FML/]: Injection complete
[14:58:59] [main/DEBUG] [FML/]: Running coremod plugin for FMLForgePlugin {net.minecraftforge.classloading.FMLForgePlugin}
[14:58:59] [main/DEBUG] [FML/]: Running coremod plugin FMLForgePlugin
[14:58:59] [main/DEBUG] [FML/]: Coremod plugin class FMLForgePlugin run successfully
[14:58:59] [main/INFO] [LaunchWrapper/]: Calling tweak class cpw.mods.fml.common.launcher.FMLDeobfTweaker
[14:58:59] [main/DEBUG] [FML/]: Loaded 57 rules from AccessTransformer config file fml_at.cfg
[14:58:59] [main/DEBUG] [FML/]: Loaded 89 rules from AccessTransformer config file forge_at.cfg
[14:58:59] [main/DEBUG] [FML/]: Validating minecraft
[14:59:00] [main/DEBUG] [FML/]: Minecraft validated, launching...
[14:59:00] [main/INFO] [LaunchWrapper/]: Loading tweak class name cpw.mods.fml.common.launcher.TerminalTweaker
[14:59:00] [main/INFO] [LaunchWrapper/]: Calling tweak class cpw.mods.fml.common.launcher.TerminalTweaker
