[14:44:10] [Server thread/INFO]: Starting minecraft server version 1.7.10
[14:44:12] [Server thread/INFO]: Loading properties
[14:44:12] [Server thread/INFO]: Default game type: SURVIVAL
[14:44:12] [Server thread/INFO]: Generating keypair
[14:44:12] [Server thread/INFO]: Starting Minecraft server on *:25565
[14:44:12] [Server thread/WARN]: **** SERVER IS RUNNING IN OFFLINE/INSECURE MODE!
[14:44:12] [Server thread/WARN]: The server will make no attempt to authenticate usernames. Beware.
[14:44:12] [Server thread/WARN]: While this makes the game possible to play without internet access, it also opens up the ability for hackers to connect with any username they choose.
[14:44:12] [Server thread/WARN]: To change this, set "online-mode" to "true" in the server.properties file.
[14:44:12] [Server thread/INFO]: Preparing level "world"
[14:44:13] [Server thread/INFO]: Preparing start region for level 0
[14:44:14] [Server thread/INFO]: Preparing spawn area: 4%
[14:44:15] [Server thread/INFO]: Preparing spawn area: 9%
[14:44:16] [Server thread/INFO]: Preparing spawn area: 14%
[14:44:17] [Server thread/INFO]: Preparing spawn area: 20%
[14:44:18] [Server thread/INFO]: Preparing spawn area: 26%
[14:44:19] [Server thread/INFO]: Preparing spawn area: 33%
[14:44:20] [Server thread/INFO]: Preparing spawn area: 40%
[14:44:21] [Server thread/INFO]: Preparing spawn area: 45%
[14:44:22] [Server thread/INFO]: Preparing spawn area: 51%
[14:44:23] [Server thread/INFO]: Preparing spawn area: 57%
[14:44:24] [Server thread/INFO]: Preparing spawn area: 63%
[14:44:25] [Server thread/INFO]: Preparing spawn area: 69%
[14:44:26] [Server thread/INFO]: Preparing spawn area: 77%
[14:44:27] [Server thread/INFO]: Preparing spawn area: 87%
[14:44:28] [Server thread/INFO]: Preparing spawn area: 95%
[14:44:29] [Server thread/INFO]: Done (16.697s)! For help, type "help" or "?"
[14:47:05] [Server thread/INFO]: berlim[/191.22.155.205:51817] logged in with entity id 2298 at (230.5, 66.0, 208.5)
[14:47:05] [Server thread/INFO]: berlim joined the game
[14:47:10] [Server thread/WARN]: Can't keep up! Did the system time change, or is the server overloaded? Running 2527ms behind, skipping 50 tick(s)
[14:47:50] [Server thread/INFO]: berlim lost connection: TextComponent{text='Disconnected', siblings=[], style=Style{hasParent=false, color=null, bold=null, italic=null, underlined=null, obfuscated=null, clickEvent=null, hoverEvent=null}}
[14:47:50] [Server thread/INFO]: berlim left the game
